<?xml version="1.0" encoding="UTF-8"?>
<!-- Generated by org.testng.reporters.JUnitReportReporter -->
<testsuite hostname="MAA-5CG9353V5P" failures="0" tests="3" name="MyProjects.Tests.SubmitPage" time="38.910" errors="0" timestamp="2024-04-28T15:39:01 IST" skipped="0">
  <testcase classname="MyProjects.Tests.SubmitPage" name="submitOrder" time="10.471"/>
  <system-out/>
  <testcase classname="MyProjects.Tests.SubmitPage" name="submitOrder" time="20.841"/>
  <system-out/>
  <testcase classname="MyProjects.Tests.SubmitPage" name="OrderHistortTest" time="7.598"/>
  <system-out/>
</testsuite> <!-- MyProjects.Tests.SubmitPage -->
